2026-07-01 20:56:45 | INFO | M01 | === RUN START ===
2026-07-01 20:56:45 | INFO | M01 | project=M01
2026-07-01 20:56:45 | INFO | M01 | repo_dir=CS44670-Module-1
2026-07-01 20:56:45 | INFO | M01 | python=3.14.6
2026-07-01 20:56:45 | INFO | M01 | os=Windows 11
2026-07-01 20:56:45 | INFO | M01 | shell=powershell
2026-07-01 20:56:45 | INFO | M01 | cwd=notebooks
2026-07-01 20:56:45 | INFO | M01 | github_actions=False
2026-07-01 20:56:45 | INFO | M01 | Confirming installation:
2026-07-01 20:56:45 | INFO | M01 |   python:       3.14.6
2026-07-01 20:56:45 | INFO | M01 |   pandas:       3.0.3
2026-07-01 20:56:45 | INFO | M01 |   numpy:        2.5.0
2026-07-01 20:56:45 | INFO | M01 |   scikit-learn: 1.9.0
2026-07-01 20:56:45 | INFO | M01 |   seaborn:      0.13.2
2026-07-01 20:56:45 | INFO | M01 |   matplotlib:   3.11.0
2026-07-01 20:56:46 | INFO | M01 | Built-in Seaborn datasets: ['anagrams', 'anscombe', 'attention', 'brain_networks', 'car_crashes', 'diamonds', 'dots', 'dowjones', 'exercise', 'flights', 'fmri', 'geyser', 'glue', 'healthexp', 'iris', 'mpg', 'penguins', 'planets', 'seaice', 'taxis', 'tips', 'titanic']
2026-07-01 20:56:46 | INFO | M01 | Loading dataset: penguins
2026-07-01 20:56:46 | INFO | M01 | Loaded: 344 rows (instances), 7 columns
2026-07-01 20:56:46 | INFO | M01 | Instances (rows): 344
2026-07-01 20:56:46 | INFO | M01 | Columns:          7
2026-07-01 20:56:46 | INFO | M01 | Numeric columns (regression target / numeric feature): ['bill_length_mm', 'bill_depth_mm', 'flipper_length_mm', 'body_mass_g']
2026-07-01 20:56:46 | INFO | M01 | Categorical columns (classification target / category): ['species', 'island', 'sex']
2026-07-01 20:56:46 | INFO | M01 | Missing values by column:
species               0
island                0
bill_length_mm        2
bill_depth_mm         2
flipper_length_mm     2
body_mass_g           2
sex                  11
dtype: int64
2026-07-01 20:56:46 | INFO | M01 | Missing values across all columns: 19
2026-07-01 20:56:46 | DEBUG | M01 | First rows:
2026-07-01 20:56:46 | DEBUG | M01 | 
  species     island  bill_length_mm  bill_depth_mm  flipper_length_mm  body_mass_g     sex
0  Adelie  Torgersen            39.1           18.7              181.0       3750.0    Male
1  Adelie  Torgersen            39.5           17.4              186.0       3800.0  Female
2  Adelie  Torgersen            40.3           18.0              195.0       3250.0  Female
3  Adelie  Torgersen             NaN            NaN                NaN          NaN     NaN
4  Adelie  Torgersen            36.7           19.3              193.0       3450.0  Female
2026-07-01 20:56:46 | INFO | M01 | Chosen target (y): species
2026-07-01 20:56:46 | INFO | M01 | Target is numeric? False
2026-07-01 20:56:46 | INFO | M01 | Implied problem type: classification (we want to predict a category)
2026-07-01 20:56:46 | INFO | M01 | Candidate features (X): ['island', 'bill_length_mm', 'bill_depth_mm', 'flipper_length_mm', 'body_mass_g', 'sex']
2026-07-01 20:56:46 | INFO | M01 | ========================
2026-07-01 20:56:46 | INFO | M01 | SUMMARY OF KEY FACTS
2026-07-01 20:56:46 | INFO | M01 | ========================
2026-07-01 20:56:46 | INFO | M01 | Dataset:           penguins
2026-07-01 20:56:46 | INFO | M01 | Instances:         344
2026-07-01 20:56:46 | INFO | M01 | Candidate target:  species
2026-07-01 20:56:46 | INFO | M01 | Problem type:      classification (we want to predict a category)
2026-07-01 20:56:46 | INFO | M01 | Candidate features: ['island', 'bill_length_mm', 'bill_depth_mm', 'flipper_length_mm', 'body_mass_g', 'sex']
2026-07-01 20:56:46 | INFO | M01 | ========================
2026-07-01 20:56:51 | INFO | M01 | === RUN START ===
2026-07-01 20:56:51 | INFO | M01 | project=M01
2026-07-01 20:56:51 | INFO | M01 | repo_dir=CS44670-Module-1
2026-07-01 20:56:51 | INFO | M01 | python=3.14.6
2026-07-01 20:56:51 | INFO | M01 | os=Windows 11
2026-07-01 20:56:51 | INFO | M01 | shell=powershell
2026-07-01 20:56:51 | INFO | M01 | cwd=notebooks
2026-07-01 20:56:51 | INFO | M01 | github_actions=False
2026-07-01 20:56:51 | INFO | M01 | Confirming installation:
2026-07-01 20:56:51 | INFO | M01 |   python:       3.14.6
2026-07-01 20:56:51 | INFO | M01 |   pandas:       3.0.3
2026-07-01 20:56:51 | INFO | M01 |   numpy:        2.5.0
2026-07-01 20:56:51 | INFO | M01 |   scikit-learn: 1.9.0
2026-07-01 20:56:51 | INFO | M01 |   seaborn:      0.13.2
2026-07-01 20:56:51 | INFO | M01 |   matplotlib:   3.11.0
2026-07-01 20:56:51 | INFO | M01 | Built-in Seaborn datasets: ['anagrams', 'anscombe', 'attention', 'brain_networks', 'car_crashes', 'diamonds', 'dots', 'dowjones', 'exercise', 'flights', 'fmri', 'geyser', 'glue', 'healthexp', 'iris', 'mpg', 'penguins', 'planets', 'seaice', 'taxis', 'tips', 'titanic']
2026-07-01 20:56:51 | INFO | M01 | Loading dataset: penguins
2026-07-01 20:56:51 | INFO | M01 | Loaded: 344 rows (instances), 7 columns
2026-07-01 20:56:51 | INFO | M01 | Instances (rows): 344
2026-07-01 20:56:51 | INFO | M01 | Columns:          7
2026-07-01 20:56:51 | INFO | M01 | Numeric columns (regression target / numeric feature): ['bill_length_mm', 'bill_depth_mm', 'flipper_length_mm', 'body_mass_g']
2026-07-01 20:56:51 | INFO | M01 | Categorical columns (classification target / category): ['species', 'island', 'sex']
2026-07-01 20:56:51 | INFO | M01 | Missing values by column:
species               0
island                0
bill_length_mm        2
bill_depth_mm         2
flipper_length_mm     2
body_mass_g           2
sex                  11
dtype: int64
2026-07-01 20:56:51 | INFO | M01 | Missing values across all columns: 19
2026-07-01 20:56:51 | DEBUG | M01 | First rows:
2026-07-01 20:56:51 | DEBUG | M01 | 
  species     island  bill_length_mm  bill_depth_mm  flipper_length_mm  body_mass_g     sex
0  Adelie  Torgersen            39.1           18.7              181.0       3750.0    Male
1  Adelie  Torgersen            39.5           17.4              186.0       3800.0  Female
2  Adelie  Torgersen            40.3           18.0              195.0       3250.0  Female
3  Adelie  Torgersen             NaN            NaN                NaN          NaN     NaN
4  Adelie  Torgersen            36.7           19.3              193.0       3450.0  Female
2026-07-01 20:56:51 | INFO | M01 | Chosen target (y): species
2026-07-01 20:56:51 | INFO | M01 | Target is numeric? False
2026-07-01 20:56:51 | INFO | M01 | Implied problem type: classification (we want to predict a category)
2026-07-01 20:56:51 | INFO | M01 | Candidate features (X): ['island', 'bill_length_mm', 'bill_depth_mm', 'flipper_length_mm', 'body_mass_g', 'sex']
2026-07-01 20:56:51 | INFO | M01 | ========================
2026-07-01 20:56:51 | INFO | M01 | SUMMARY OF KEY FACTS
2026-07-01 20:56:51 | INFO | M01 | ========================
2026-07-01 20:56:51 | INFO | M01 | Dataset:           penguins
2026-07-01 20:56:51 | INFO | M01 | Instances:         344
2026-07-01 20:56:51 | INFO | M01 | Candidate target:  species
2026-07-01 20:56:51 | INFO | M01 | Problem type:      classification (we want to predict a category)
2026-07-01 20:56:51 | INFO | M01 | Candidate features: ['island', 'bill_length_mm', 'bill_depth_mm', 'flipper_length_mm', 'body_mass_g', 'sex']
2026-07-01 20:56:51 | INFO | M01 | ========================
2026-07-01 21:04:46 | INFO | M01 | === RUN START ===
2026-07-01 21:04:46 | INFO | M01 | project=M01
2026-07-01 21:04:46 | INFO | M01 | repo_dir=CS44670-Module-1
2026-07-01 21:04:46 | INFO | M01 | python=3.14.6
2026-07-01 21:04:46 | INFO | M01 | os=Windows 11
2026-07-01 21:04:46 | INFO | M01 | shell=powershell
2026-07-01 21:04:46 | INFO | M01 | cwd=notebooks
2026-07-01 21:04:46 | INFO | M01 | github_actions=False
2026-07-01 21:04:46 | INFO | M01 | Confirming installation:
2026-07-01 21:04:46 | INFO | M01 |   python:       3.14.6
2026-07-01 21:04:46 | INFO | M01 |   pandas:       3.0.3
2026-07-01 21:04:46 | INFO | M01 |   numpy:        2.5.0
2026-07-01 21:04:46 | INFO | M01 |   scikit-learn: 1.9.0
2026-07-01 21:04:46 | INFO | M01 |   seaborn:      0.13.2
2026-07-01 21:04:46 | INFO | M01 |   matplotlib:   3.11.0
2026-07-01 21:04:46 | INFO | M01 | Built-in Seaborn datasets: ['anagrams', 'anscombe', 'attention', 'brain_networks', 'car_crashes', 'diamonds', 'dots', 'dowjones', 'exercise', 'flights', 'fmri', 'geyser', 'glue', 'healthexp', 'iris', 'mpg', 'penguins', 'planets', 'seaice', 'taxis', 'tips', 'titanic']
2026-07-01 21:04:46 | INFO | M01 | Loading dataset: penguins
2026-07-01 21:04:46 | INFO | M01 | Loaded: 344 rows (instances), 7 columns
2026-07-01 21:04:46 | INFO | M01 | Instances (rows): 344
2026-07-01 21:04:46 | INFO | M01 | Columns:          7
2026-07-01 21:04:46 | INFO | M01 | Numeric columns (regression target / numeric feature): ['bill_length_mm', 'bill_depth_mm', 'flipper_length_mm', 'body_mass_g']
2026-07-01 21:04:46 | INFO | M01 | Categorical columns (classification target / category): ['species', 'island', 'sex']
2026-07-01 21:04:46 | INFO | M01 | Missing values by column:
species               0
island                0
bill_length_mm        2
bill_depth_mm         2
flipper_length_mm     2
body_mass_g           2
sex                  11
dtype: int64
2026-07-01 21:04:46 | INFO | M01 | Missing values across all columns: 19
2026-07-01 21:04:46 | DEBUG | M01 | First rows:
2026-07-01 21:04:46 | DEBUG | M01 | 
  species     island  bill_length_mm  bill_depth_mm  flipper_length_mm  body_mass_g     sex
0  Adelie  Torgersen            39.1           18.7              181.0       3750.0    Male
1  Adelie  Torgersen            39.5           17.4              186.0       3800.0  Female
2  Adelie  Torgersen            40.3           18.0              195.0       3250.0  Female
3  Adelie  Torgersen             NaN            NaN                NaN          NaN     NaN
4  Adelie  Torgersen            36.7           19.3              193.0       3450.0  Female
2026-07-01 21:04:46 | INFO | M01 | Chosen target (y): species
2026-07-01 21:04:46 | INFO | M01 | Target is numeric? False
2026-07-01 21:04:46 | INFO | M01 | Implied problem type: classification (we want to predict a category)
2026-07-01 21:04:46 | INFO | M01 | Candidate features (X): ['island', 'bill_length_mm', 'bill_depth_mm', 'flipper_length_mm', 'body_mass_g', 'sex']
2026-07-01 21:04:46 | INFO | M01 | ========================
2026-07-01 21:04:46 | INFO | M01 | SUMMARY OF KEY FACTS
2026-07-01 21:04:46 | INFO | M01 | ========================
2026-07-01 21:04:46 | INFO | M01 | Dataset:           penguins
2026-07-01 21:04:46 | INFO | M01 | Instances:         344
2026-07-01 21:04:46 | INFO | M01 | Candidate target:  species
2026-07-01 21:04:46 | INFO | M01 | Problem type:      classification (we want to predict a category)
2026-07-01 21:04:46 | INFO | M01 | Candidate features: ['island', 'bill_length_mm', 'bill_depth_mm', 'flipper_length_mm', 'body_mass_g', 'sex']
2026-07-01 21:04:46 | INFO | M01 | ========================
2026-07-01 21:06:23 | INFO | M01 | === RUN START ===
2026-07-01 21:06:23 | INFO | M01 | project=M01
2026-07-01 21:06:23 | INFO | M01 | repo_dir=CS44670-Module-1
2026-07-01 21:06:23 | INFO | M01 | python=3.14.6
2026-07-01 21:06:23 | INFO | M01 | os=Windows 11
2026-07-01 21:06:23 | INFO | M01 | shell=powershell
2026-07-01 21:06:23 | INFO | M01 | cwd=notebooks
2026-07-01 21:06:23 | INFO | M01 | github_actions=False
2026-07-01 21:06:23 | INFO | M01 | Confirming installation:
2026-07-01 21:06:23 | INFO | M01 |   python:       3.14.6
2026-07-01 21:06:23 | INFO | M01 |   pandas:       3.0.3
2026-07-01 21:06:23 | INFO | M01 |   numpy:        2.5.0
2026-07-01 21:06:23 | INFO | M01 |   scikit-learn: 1.9.0
2026-07-01 21:06:23 | INFO | M01 |   seaborn:      0.13.2
2026-07-01 21:06:23 | INFO | M01 |   matplotlib:   3.11.0
2026-07-01 21:06:23 | INFO | M01 | Built-in Seaborn datasets: ['anagrams', 'anscombe', 'attention', 'brain_networks', 'car_crashes', 'diamonds', 'dots', 'dowjones', 'exercise', 'flights', 'fmri', 'geyser', 'glue', 'healthexp', 'iris', 'mpg', 'penguins', 'planets', 'seaice', 'taxis', 'tips', 'titanic']
2026-07-01 21:06:23 | INFO | M01 | Loading dataset: penguins
2026-07-01 21:06:23 | INFO | M01 | Loaded: 344 rows (instances), 7 columns
2026-07-01 21:06:23 | INFO | M01 | Instances (rows): 344
2026-07-01 21:06:23 | INFO | M01 | Columns:          7
2026-07-01 21:06:23 | INFO | M01 | Numeric columns (regression target / numeric feature): ['bill_length_mm', 'bill_depth_mm', 'flipper_length_mm', 'body_mass_g']
2026-07-01 21:06:23 | INFO | M01 | Categorical columns (classification target / category): ['species', 'island', 'sex']
2026-07-01 21:06:23 | INFO | M01 | Missing values by column:
species               0
island                0
bill_length_mm        2
bill_depth_mm         2
flipper_length_mm     2
body_mass_g           2
sex                  11
dtype: int64
2026-07-01 21:06:23 | INFO | M01 | Missing values across all columns: 19
2026-07-01 21:06:23 | DEBUG | M01 | First rows:
2026-07-01 21:06:23 | DEBUG | M01 | 
  species     island  bill_length_mm  bill_depth_mm  flipper_length_mm  body_mass_g     sex
0  Adelie  Torgersen            39.1           18.7              181.0       3750.0    Male
1  Adelie  Torgersen            39.5           17.4              186.0       3800.0  Female
2  Adelie  Torgersen            40.3           18.0              195.0       3250.0  Female
3  Adelie  Torgersen             NaN            NaN                NaN          NaN     NaN
4  Adelie  Torgersen            36.7           19.3              193.0       3450.0  Female
2026-07-01 21:06:23 | INFO | M01 | Chosen target (y): species
2026-07-01 21:06:23 | INFO | M01 | Target is numeric? False
2026-07-01 21:06:23 | INFO | M01 | Implied problem type: classification (we want to predict a category)
2026-07-01 21:06:23 | INFO | M01 | Candidate features (X): ['island', 'bill_length_mm', 'bill_depth_mm', 'flipper_length_mm', 'body_mass_g', 'sex']
2026-07-01 21:06:23 | INFO | M01 | ========================
2026-07-01 21:06:23 | INFO | M01 | SUMMARY OF KEY FACTS
2026-07-01 21:06:23 | INFO | M01 | ========================
2026-07-01 21:06:23 | INFO | M01 | Dataset:           penguins
2026-07-01 21:06:23 | INFO | M01 | Instances:         344
2026-07-01 21:06:23 | INFO | M01 | Candidate target:  species
2026-07-01 21:06:23 | INFO | M01 | Problem type:      classification (we want to predict a category)
2026-07-01 21:06:23 | INFO | M01 | Candidate features: ['island', 'bill_length_mm', 'bill_depth_mm', 'flipper_length_mm', 'body_mass_g', 'sex']
2026-07-01 21:06:23 | INFO | M01 | ========================
2026-07-01 21:14:21 | INFO | ML | === RUN START ===
2026-07-01 21:14:21 | INFO | ML | project=ML
2026-07-01 21:14:21 | INFO | ML | repo_dir=CS44670-Module-1
2026-07-01 21:14:21 | INFO | ML | python=3.14.6
2026-07-01 21:14:21 | INFO | ML | os=Windows 11
2026-07-01 21:14:21 | INFO | ML | shell=powershell
2026-07-01 21:14:21 | INFO | ML | cwd=.
2026-07-01 21:14:21 | INFO | ML | github_actions=False
2026-07-01 21:24:38 | INFO | ML | === RUN START ===
2026-07-01 21:24:38 | INFO | ML | project=ML
2026-07-01 21:24:38 | INFO | ML | repo_dir=CS44670-Module-1
2026-07-01 21:24:38 | INFO | ML | python=3.14.6
2026-07-01 21:24:38 | INFO | ML | os=Windows 11
2026-07-01 21:24:38 | INFO | ML | shell=powershell
2026-07-01 21:24:38 | INFO | ML | cwd=.
2026-07-01 21:24:38 | INFO | ML | github_actions=False
2026-07-01 21:25:14 | INFO | ML | === RUN START ===
2026-07-01 21:25:14 | INFO | ML | project=ML
2026-07-01 21:25:14 | INFO | ML | repo_dir=CS44670-Module-1
2026-07-01 21:25:14 | INFO | ML | python=3.14.6
2026-07-01 21:25:14 | INFO | ML | os=Windows 11
2026-07-01 21:25:14 | INFO | ML | shell=powershell
2026-07-01 21:25:14 | INFO | ML | cwd=.
2026-07-01 21:25:14 | INFO | ML | github_actions=False
2026-07-01 21:25:14 | INFO | ML | === RUN START ===
2026-07-01 21:25:14 | INFO | ML | project=ML
2026-07-01 21:25:14 | INFO | ML | repo_dir=CS44670-Module-1
2026-07-01 21:25:14 | INFO | ML | python=3.14.6
2026-07-01 21:25:14 | INFO | ML | os=Windows 11
2026-07-01 21:25:14 | INFO | ML | shell=powershell
2026-07-01 21:25:14 | INFO | ML | cwd=.
2026-07-01 21:25:14 | INFO | ML | github_actions=False
2026-07-01 21:25:14 | INFO | ML | ========================
2026-07-01 21:25:14 | INFO | ML | START main()
2026-07-01 21:25:14 | INFO | ML | ========================
2026-07-01 21:25:14 | INFO | ML | Load dataset..............
2026-07-01 21:25:14 | INFO | ML | Loading dataset: hours_scores_case
2026-07-01 21:25:14 | INFO | ML | Loaded: 10 rows, 6 columns
2026-07-01 21:25:14 | DEBUG | ML | 
   hours_studied  practice_quizzes  attendance_pct  sleep_hours  prior_score  score
0            2.0                 1              72          6.0           58     62
1            3.5                 2              80          6.5           61     68
2            4.0                 3              85          7.0           64     72
3            5.0                 3              88          7.5           66     76
4            6.0                 4              90          7.0           70     81
2026-07-01 21:25:14 | INFO | ML | Inspect dataset...........
2026-07-01 21:25:14 | INFO | ML | Column names
2026-07-01 21:25:14 | DEBUG | ML | ['hours_studied', 'practice_quizzes', 'attendance_pct', 'sleep_hours', 'prior_score', 'score']
2026-07-01 21:25:14 | INFO | ML | DataFrame info
2026-07-01 21:25:14 | INFO | ML | Dataset shape: 10 rows, 6 columns
2026-07-01 21:25:14 | INFO | ML | Check data quality........
2026-07-01 21:25:14 | INFO | ML | Missing values by column
2026-07-01 21:25:14 | DEBUG | ML | 
hours_studied       0
practice_quizzes    0
attendance_pct      0
sleep_hours         0
prior_score         0
score               0
dtype: int64
2026-07-01 21:25:14 | INFO | ML | Duplicate row count: 0
2026-07-01 21:25:14 | INFO | ML | Create clean view.........
2026-07-01 21:25:14 | INFO | ML | Creating clean modeling view
2026-07-01 21:25:14 | INFO | ML | Clean view: 10 rows, 6 columns
2026-07-01 21:25:14 | INFO | ML | Train supervised model....
2026-07-01 21:25:14 | INFO | ML | Training LinearRegression model
2026-07-01 21:25:14 | INFO | ML | Mean absolute error: 0.48
2026-07-01 21:25:14 | INFO | ML | R-squared: 1.00
2026-07-01 21:25:14 | INFO | ML | Predict one case..........
2026-07-01 21:25:14 | INFO | ML | Predicting one new case
2026-07-01 21:25:14 | INFO | ML | New case:
   hours_studied  practice_quizzes  attendance_pct  sleep_hours  prior_score
0            6.5                 4              92          7.0           72
2026-07-01 21:25:14 | INFO | ML | Predicted score: 83.4
2026-07-01 21:25:14 | INFO | ML | Create charts.............
2026-07-01 21:25:14 | INFO | ML | Creating chart: hours studied vs score
2026-07-01 21:25:15 | INFO | ML | Creating chart: model coefficients
2026-07-01 21:25:15 | INFO | ML | Got a figure Figure(900x500) and axes Axes(0.125,0.11;0.775x0.77) from plt.subplots().
2026-07-01 21:25:15 | INFO | ML | Summarize workflow........
2026-07-01 21:25:15 | INFO | ML | ========================
2026-07-01 21:25:15 | INFO | ML | SUMMARY
2026-07-01 21:25:15 | INFO | ML | ========================
2026-07-01 21:25:15 | INFO | ML | Dataset: hours_scores_case
2026-07-01 21:25:15 | INFO | ML | Original rows: 10
2026-07-01 21:25:15 | INFO | ML | Clean rows: 10
2026-07-01 21:25:15 | INFO | ML | Features: ['hours_studied', 'practice_quizzes', 'attendance_pct', 'sleep_hours', 'prior_score']
2026-07-01 21:25:15 | INFO | ML | Target: score
2026-07-01 21:25:15 | INFO | ML | ----- in a script, call plt.show() once at the end to display all charts -----
2026-07-01 21:25:15 | INFO | ML | ----- in a script, CLOSE the chart windows with the close button to CONTINUE -----
2026-07-01 21:26:21 | INFO | ML | Workflow complete
2026-07-01 21:26:21 | INFO | ML | IMPORTANT: This script creates chart windows.
2026-07-01 21:26:21 | INFO | ML | Close chart windows and terminate this process with CTRL+c as needed.
2026-07-01 21:26:21 | INFO | ML | ========================
2026-07-01 21:26:21 | INFO | ML | Executed successfully!
2026-07-01 21:26:21 | INFO | ML | ========================
2026-07-01 21:38:58 | INFO | ML | === RUN START ===
2026-07-01 21:38:58 | INFO | ML | project=ML
2026-07-01 21:38:58 | INFO | ML | repo_dir=CS44670-Module-1
2026-07-01 21:38:58 | INFO | ML | python=3.14.6
2026-07-01 21:38:58 | INFO | ML | os=Windows 11
2026-07-01 21:38:58 | INFO | ML | shell=powershell
2026-07-01 21:38:58 | INFO | ML | cwd=.
2026-07-01 21:38:58 | INFO | ML | github_actions=False
2026-07-01 21:38:58 | INFO | ML | === RUN START ===
2026-07-01 21:38:58 | INFO | ML | project=ML
2026-07-01 21:38:58 | INFO | ML | repo_dir=CS44670-Module-1
2026-07-01 21:38:58 | INFO | ML | python=3.14.6
2026-07-01 21:38:58 | INFO | ML | os=Windows 11
2026-07-01 21:38:58 | INFO | ML | shell=powershell
2026-07-01 21:38:58 | INFO | ML | cwd=.
2026-07-01 21:38:58 | INFO | ML | github_actions=False
2026-07-01 21:38:58 | INFO | ML | ========================
2026-07-01 21:38:58 | INFO | ML | START main()
2026-07-01 21:38:58 | INFO | ML | ========================
2026-07-01 21:38:58 | INFO | ML | Load dataset..............
2026-07-01 21:38:58 | INFO | ML | Loading dataset: hours_scores_case
2026-07-01 21:38:58 | INFO | ML | Loaded: 10 rows, 6 columns
2026-07-01 21:38:58 | DEBUG | ML | 
   hours_studied  practice_quizzes  attendance_pct  sleep_hours  prior_score  score
0            2.0                 1              72          6.0           58     62
1            3.5                 2              80          6.5           61     68
2            4.0                 3              85          7.0           64     72
3            5.0                 3              88          7.5           66     76
4            6.0                 4              90          7.0           70     81
2026-07-01 21:38:58 | INFO | ML | Inspect dataset...........
2026-07-01 21:38:58 | INFO | ML | Column names
2026-07-01 21:38:58 | DEBUG | ML | ['hours_studied', 'practice_quizzes', 'attendance_pct', 'sleep_hours', 'prior_score', 'score']
2026-07-01 21:38:58 | INFO | ML | DataFrame info
2026-07-01 21:38:58 | INFO | ML | Dataset shape: 10 rows, 6 columns
2026-07-01 21:38:58 | INFO | ML | Check data quality........
2026-07-01 21:38:58 | INFO | ML | Missing values by column
2026-07-01 21:38:58 | DEBUG | ML | 
hours_studied       0
practice_quizzes    0
attendance_pct      0
sleep_hours         0
prior_score         0
score               0
dtype: int64
2026-07-01 21:38:58 | INFO | ML | Duplicate row count: 0
2026-07-01 21:38:58 | INFO | ML | Create clean view.........
2026-07-01 21:38:58 | INFO | ML | Creating clean modeling view
2026-07-01 21:38:58 | INFO | ML | Clean view: 10 rows, 6 columns
2026-07-01 21:38:58 | INFO | ML | Train supervised model....
2026-07-01 21:38:58 | INFO | ML | Training LinearRegression model
2026-07-01 21:38:58 | INFO | ML | Mean absolute error: 0.48
2026-07-01 21:38:58 | INFO | ML | R-squared: 1.00
2026-07-01 21:38:58 | INFO | ML | Predict one case..........
2026-07-01 21:38:58 | INFO | ML | Predicting one new case
2026-07-01 21:38:58 | INFO | ML | New case:
   hours_studied  practice_quizzes  attendance_pct  sleep_hours  prior_score
0            6.5                 4              92          7.0           72
2026-07-01 21:38:58 | INFO | ML | Predicted score: 83.4
2026-07-01 21:38:58 | INFO | ML | Create charts.............
2026-07-01 21:38:58 | INFO | ML | Creating chart: hours studied vs score
2026-07-01 21:38:59 | INFO | ML | Creating chart: model coefficients
2026-07-01 21:38:59 | INFO | ML | Got a figure Figure(900x500) and axes Axes(0.125,0.11;0.775x0.77) from plt.subplots().
2026-07-01 21:38:59 | INFO | ML | Summarize workflow........
2026-07-01 21:38:59 | INFO | ML | ========================
2026-07-01 21:38:59 | INFO | ML | SUMMARY
2026-07-01 21:38:59 | INFO | ML | ========================
2026-07-01 21:38:59 | INFO | ML | Dataset: hours_scores_case
2026-07-01 21:38:59 | INFO | ML | Original rows: 10
2026-07-01 21:38:59 | INFO | ML | Clean rows: 10
2026-07-01 21:38:59 | INFO | ML | Features: ['hours_studied', 'practice_quizzes', 'attendance_pct', 'sleep_hours', 'prior_score']
2026-07-01 21:38:59 | INFO | ML | Target: score
2026-07-01 21:38:59 | INFO | ML | ----- in a script, call plt.show() once at the end to display all charts -----
2026-07-01 21:38:59 | INFO | ML | ----- in a script, CLOSE the chart windows with the close button to CONTINUE -----
2026-07-01 21:39:44 | INFO | ML | Workflow complete
2026-07-01 21:39:44 | INFO | ML | IMPORTANT: This script creates chart windows.
2026-07-01 21:39:44 | INFO | ML | Close chart windows and terminate this process with CTRL+c as needed.
2026-07-01 21:39:44 | INFO | ML | ========================
2026-07-01 21:39:44 | INFO | ML | Executed successfully!
2026-07-01 21:39:44 | INFO | ML | ========================
2026-07-03 16:32:48 | INFO | ML | === RUN START ===
2026-07-03 16:32:48 | INFO | ML | project=ML
2026-07-03 16:32:48 | INFO | ML | repo_dir=CS44670-Module-1
2026-07-03 16:32:48 | INFO | ML | python=3.14.6
2026-07-03 16:32:48 | INFO | ML | os=Windows 11
2026-07-03 16:32:48 | INFO | ML | shell=powershell
2026-07-03 16:32:48 | INFO | ML | cwd=.
2026-07-03 16:32:48 | INFO | ML | github_actions=False
2026-07-03 16:32:48 | INFO | ML | === RUN START ===
2026-07-03 16:32:48 | INFO | ML | project=ML
2026-07-03 16:32:48 | INFO | ML | repo_dir=CS44670-Module-1
2026-07-03 16:32:48 | INFO | ML | python=3.14.6
2026-07-03 16:32:48 | INFO | ML | os=Windows 11
2026-07-03 16:32:48 | INFO | ML | shell=powershell
2026-07-03 16:32:48 | INFO | ML | cwd=.
2026-07-03 16:32:48 | INFO | ML | github_actions=False
2026-07-03 16:32:48 | INFO | ML | ========================
2026-07-03 16:32:48 | INFO | ML | START main()
2026-07-03 16:32:48 | INFO | ML | ========================
2026-07-03 16:32:48 | INFO | ML | Load dataset..............
2026-07-03 16:32:48 | INFO | ML | Loading dataset: hours_scores_case
2026-07-03 16:32:48 | INFO | ML | Loaded: 10 rows, 6 columns
2026-07-03 16:32:48 | DEBUG | ML | 
   hours_studied  practice_quizzes  attendance_pct  sleep_hours  prior_score  score
0            2.0                 1              72          6.0           58     62
1            3.5                 2              80          6.5           61     68
2            4.0                 3              85          7.0           64     72
3            5.0                 3              88          7.5           66     76
4            6.0                 4              90          7.0           70     81
2026-07-03 16:32:48 | INFO | ML | Inspect dataset...........
2026-07-03 16:32:48 | INFO | ML | Column names
2026-07-03 16:32:48 | DEBUG | ML | ['hours_studied', 'practice_quizzes', 'attendance_pct', 'sleep_hours', 'prior_score', 'score']
2026-07-03 16:32:48 | INFO | ML | DataFrame info
2026-07-03 16:32:48 | INFO | ML | Dataset shape: 10 rows, 6 columns
2026-07-03 16:32:48 | INFO | ML | Check data quality........
2026-07-03 16:32:48 | INFO | ML | Missing values by column
2026-07-03 16:32:48 | DEBUG | ML | 
hours_studied       0
practice_quizzes    0
attendance_pct      0
sleep_hours         0
prior_score         0
score               0
dtype: int64
2026-07-03 16:32:48 | INFO | ML | Duplicate row count: 0
2026-07-03 16:32:48 | INFO | ML | Create clean view.........
2026-07-03 16:32:48 | INFO | ML | Creating clean modeling view
2026-07-03 16:32:48 | INFO | ML | Clean view: 10 rows, 6 columns
2026-07-03 16:32:48 | INFO | ML | Train supervised model....
2026-07-03 16:32:48 | INFO | ML | Training LinearRegression model
2026-07-03 16:32:48 | INFO | ML | Mean absolute error: 0.48
2026-07-03 16:32:48 | INFO | ML | R-squared: 1.00
2026-07-03 16:32:48 | INFO | ML | Predict one case..........
2026-07-03 16:32:48 | INFO | ML | Predicting one new case
2026-07-03 16:32:48 | INFO | ML | New case:
   hours_studied  practice_quizzes  attendance_pct  sleep_hours  prior_score
0            6.5                 4              92          7.0           72
2026-07-03 16:32:48 | INFO | ML | Predicted score: 83.4
2026-07-03 16:32:48 | INFO | ML | Create charts.............
2026-07-03 16:32:48 | INFO | ML | Creating chart: hours studied vs score
2026-07-03 16:32:48 | INFO | ML | Creating chart: model coefficients
2026-07-03 16:32:48 | INFO | ML | Got a figure Figure(900x500) and axes Axes(0.125,0.11;0.775x0.77) from plt.subplots().
2026-07-03 16:32:48 | INFO | ML | Summarize workflow........
2026-07-03 16:32:48 | INFO | ML | ========================
2026-07-03 16:32:48 | INFO | ML | SUMMARY
2026-07-03 16:32:48 | INFO | ML | ========================
2026-07-03 16:32:48 | INFO | ML | Dataset: hours_scores_case
2026-07-03 16:32:48 | INFO | ML | Original rows: 10
2026-07-03 16:32:48 | INFO | ML | Clean rows: 10
2026-07-03 16:32:48 | INFO | ML | Features: ['hours_studied', 'practice_quizzes', 'attendance_pct', 'sleep_hours', 'prior_score']
2026-07-03 16:32:48 | INFO | ML | Target: score
2026-07-03 16:32:48 | INFO | ML | ----- in a script, call plt.show() once at the end to display all charts -----
2026-07-03 16:32:48 | INFO | ML | ----- in a script, CLOSE the chart windows with the close button to CONTINUE -----
2026-07-03 16:32:53 | INFO | ML | Workflow complete
2026-07-03 16:32:53 | INFO | ML | IMPORTANT: This script creates chart windows.
2026-07-03 16:32:53 | INFO | ML | Close chart windows and terminate this process with CTRL+c as needed.
2026-07-03 16:32:53 | INFO | ML | ========================
2026-07-03 16:32:53 | INFO | ML | Executed successfully!
2026-07-03 16:32:53 | INFO | ML | ========================
2026-07-05 13:51:08 | INFO | M01 | === RUN START ===
2026-07-05 13:51:08 | INFO | M01 | project=M01
2026-07-05 13:51:08 | INFO | M01 | repo_dir=CS44670-Module-1
2026-07-05 13:51:08 | INFO | M01 | python=3.14.6
2026-07-05 13:51:08 | INFO | M01 | os=Windows 11
2026-07-05 13:51:08 | INFO | M01 | shell=powershell
2026-07-05 13:51:08 | INFO | M01 | cwd=notebooks
2026-07-05 13:51:08 | INFO | M01 | github_actions=False
2026-07-05 13:51:08 | INFO | M01 | Confirming installation:
2026-07-05 13:51:08 | INFO | M01 |   python:       3.14.6
2026-07-05 13:51:08 | INFO | M01 |   pandas:       3.0.3
2026-07-05 13:51:08 | INFO | M01 |   numpy:        2.5.0
2026-07-05 13:51:08 | INFO | M01 |   scikit-learn: 1.9.0
2026-07-05 13:51:08 | INFO | M01 |   seaborn:      0.13.2
2026-07-05 13:51:08 | INFO | M01 |   matplotlib:   3.11.0
2026-07-05 13:51:08 | INFO | M01 | Built-in Seaborn datasets: ['anagrams', 'anscombe', 'attention', 'brain_networks', 'car_crashes', 'diamonds', 'dots', 'dowjones', 'exercise', 'flights', 'fmri', 'geyser', 'glue', 'healthexp', 'iris', 'mpg', 'penguins', 'planets', 'seaice', 'taxis', 'tips', 'titanic']
2026-07-05 13:51:08 | INFO | M01 | Loading dataset: diamonds
2026-07-05 13:51:09 | INFO | M01 | Loaded: 53940 rows (instances), 10 columns
2026-07-05 13:51:09 | INFO | M01 | Instances (rows): 53940
2026-07-05 13:51:09 | INFO | M01 | Columns:          10
2026-07-05 13:51:09 | INFO | M01 | Numeric columns (regression target / numeric feature): ['carat', 'depth', 'table', 'price', 'x', 'y', 'z']
2026-07-05 13:51:09 | INFO | M01 | Categorical columns (classification target / category): ['cut', 'color', 'clarity']
2026-07-05 13:51:09 | INFO | M01 | Missing values by column:
carat      0
cut        0
color      0
clarity    0
depth      0
table      0
price      0
x          0
y          0
z          0
dtype: int64
2026-07-05 13:51:09 | INFO | M01 | Missing values across all columns: 0
2026-07-05 13:51:09 | DEBUG | M01 | First rows:
2026-07-05 13:51:09 | DEBUG | M01 | 
   carat      cut color clarity  depth  table  price     x     y     z
0   0.23    Ideal     E     SI2   61.5   55.0    326  3.95  3.98  2.43
1   0.21  Premium     E     SI1   59.8   61.0    326  3.89  3.84  2.31
2   0.23     Good     E     VS1   56.9   65.0    327  4.05  4.07  2.31
3   0.29  Premium     I     VS2   62.4   58.0    334  4.20  4.23  2.63
4   0.31     Good     J     SI2   63.3   58.0    335  4.34  4.35  2.75
2026-07-05 13:51:09 | WARNING | M01 | CANDIDATE_TARGET 'species' is not a column.
2026-07-05 13:51:09 | WARNING | M01 | Available columns: ['carat', 'cut', 'color', 'clarity', 'depth', 'table', 'price', 'x', 'y', 'z']
2026-07-05 13:51:09 | INFO | M01 | Chosen target (y): species
2026-07-05 13:52:56 | INFO | M01 | Chosen target (y): price
2026-07-05 13:52:56 | INFO | M01 | Target is numeric? True
2026-07-05 13:52:56 | INFO | M01 | Implied problem type: regression (we want to predict a number)
2026-07-05 13:52:56 | INFO | M01 | Candidate features (X): ['carat', 'cut', 'color', 'clarity', 'depth', 'table', 'x', 'y', 'z']
2026-07-05 13:53:11 | INFO | M01 | ========================
2026-07-05 13:53:11 | INFO | M01 | SUMMARY OF KEY FACTS
2026-07-05 13:53:11 | INFO | M01 | ========================
2026-07-05 13:53:11 | INFO | M01 | Dataset:           diamonds
2026-07-05 13:53:11 | INFO | M01 | Instances:         53940
2026-07-05 13:53:11 | INFO | M01 | Candidate target:  price
2026-07-05 13:53:11 | INFO | M01 | Problem type:      regression (we want to predict a number)
2026-07-05 13:53:11 | INFO | M01 | Candidate features: ['carat', 'cut', 'color', 'clarity', 'depth', 'table', 'x', 'y', 'z']
2026-07-05 13:53:11 | INFO | M01 | ========================
2026-07-05 14:19:24 | INFO | M01 | === RUN START ===
2026-07-05 14:19:24 | INFO | M01 | project=M01
2026-07-05 14:19:24 | INFO | M01 | repo_dir=CS44670-Module-1
2026-07-05 14:19:24 | INFO | M01 | python=3.14.6
2026-07-05 14:19:24 | INFO | M01 | os=Windows 11
2026-07-05 14:19:24 | INFO | M01 | shell=powershell
2026-07-05 14:19:24 | INFO | M01 | cwd=notebooks
2026-07-05 14:19:24 | INFO | M01 | github_actions=False
2026-07-05 14:19:24 | INFO | M01 | Confirming installation:
2026-07-05 14:19:24 | INFO | M01 |   python:       3.14.6
2026-07-05 14:19:24 | INFO | M01 |   pandas:       3.0.3
2026-07-05 14:19:24 | INFO | M01 |   numpy:        2.5.0
2026-07-05 14:19:24 | INFO | M01 |   scikit-learn: 1.9.0
2026-07-05 14:19:24 | INFO | M01 |   seaborn:      0.13.2
2026-07-05 14:19:24 | INFO | M01 |   matplotlib:   3.11.0
2026-07-05 14:19:24 | INFO | M01 | Built-in Seaborn datasets: ['anagrams', 'anscombe', 'attention', 'brain_networks', 'car_crashes', 'diamonds', 'dots', 'dowjones', 'exercise', 'flights', 'fmri', 'geyser', 'glue', 'healthexp', 'iris', 'mpg', 'penguins', 'planets', 'seaice', 'taxis', 'tips', 'titanic']
2026-07-05 14:21:39 | INFO | M01 | === RUN START ===
2026-07-05 14:21:39 | INFO | M01 | project=M01
2026-07-05 14:21:39 | INFO | M01 | repo_dir=CS44670-Module-1
2026-07-05 14:21:39 | INFO | M01 | python=3.14.6
2026-07-05 14:21:39 | INFO | M01 | os=Windows 11
2026-07-05 14:21:39 | INFO | M01 | shell=powershell
2026-07-05 14:21:39 | INFO | M01 | cwd=notebooks
2026-07-05 14:21:39 | INFO | M01 | github_actions=False
2026-07-05 14:21:39 | INFO | M01 | Confirming installation:
2026-07-05 14:21:39 | INFO | M01 |   python:       3.14.6
2026-07-05 14:21:39 | INFO | M01 |   pandas:       3.0.3
2026-07-05 14:21:39 | INFO | M01 |   numpy:        2.5.0
2026-07-05 14:21:39 | INFO | M01 |   scikit-learn: 1.9.0
2026-07-05 14:21:39 | INFO | M01 |   seaborn:      0.13.2
2026-07-05 14:21:39 | INFO | M01 |   matplotlib:   3.11.0
2026-07-05 14:21:39 | INFO | M01 | Built-in Seaborn datasets: ['anagrams', 'anscombe', 'attention', 'brain_networks', 'car_crashes', 'diamonds', 'dots', 'dowjones', 'exercise', 'flights', 'fmri', 'geyser', 'glue', 'healthexp', 'iris', 'mpg', 'penguins', 'planets', 'seaice', 'taxis', 'tips', 'titanic']
2026-07-05 14:21:39 | INFO | M01 | Loading dataset: diamonds
2026-07-05 14:21:39 | INFO | M01 | Loaded: 53940 rows (instances), 10 columns
2026-07-05 14:21:39 | INFO | M01 | Instances (rows): 53940
2026-07-05 14:21:39 | INFO | M01 | Columns:          10
2026-07-05 14:21:39 | INFO | M01 | Numeric columns (regression target / numeric feature): ['carat', 'depth', 'table', 'price', 'x', 'y', 'z']
2026-07-05 14:21:39 | INFO | M01 | Categorical columns (classification target / category): ['cut', 'color', 'clarity']
2026-07-05 14:21:39 | INFO | M01 | Missing values by column:
carat      0
cut        0
color      0
clarity    0
depth      0
table      0
price      0
x          0
y          0
z          0
dtype: int64
2026-07-05 14:21:39 | INFO | M01 | Missing values across all columns: 0
2026-07-05 14:21:39 | DEBUG | M01 | First rows:
2026-07-05 14:21:39 | DEBUG | M01 | 
   carat      cut color clarity  depth  table  price     x     y     z
0   0.23    Ideal     E     SI2   61.5   55.0    326  3.95  3.98  2.43
1   0.21  Premium     E     SI1   59.8   61.0    326  3.89  3.84  2.31
2   0.23     Good     E     VS1   56.9   65.0    327  4.05  4.07  2.31
3   0.29  Premium     I     VS2   62.4   58.0    334  4.20  4.23  2.63
4   0.31     Good     J     SI2   63.3   58.0    335  4.34  4.35  2.75
2026-07-05 14:21:39 | INFO | M01 | Chosen target (y): price
2026-07-05 14:21:39 | INFO | M01 | Target is numeric? True
2026-07-05 14:21:39 | INFO | M01 | Implied problem type: regression (we want to predict a number)
2026-07-05 14:21:39 | INFO | M01 | Candidate features (X): ['carat', 'cut', 'color', 'clarity', 'depth', 'table', 'x', 'y', 'z']
2026-07-05 14:21:39 | INFO | M01 | Training Regression Model
2026-07-05 14:24:15 | INFO | M01 | Chosen target (y): price
2026-07-05 14:24:15 | INFO | M01 | Target is numeric? True
2026-07-05 14:24:15 | INFO | M01 | Implied problem type: regression (we want to predict a number)
2026-07-05 14:24:15 | INFO | M01 | Candidate features (X): ['carat', 'cut', 'color', 'clarity', 'depth', 'table', 'x', 'y', 'z']
2026-07-05 14:25:14 | INFO | M01 | === RUN START ===
2026-07-05 14:25:14 | INFO | M01 | project=M01
2026-07-05 14:25:14 | INFO | M01 | repo_dir=CS44670-Module-1
2026-07-05 14:25:14 | INFO | M01 | python=3.14.6
2026-07-05 14:25:14 | INFO | M01 | os=Windows 11
2026-07-05 14:25:14 | INFO | M01 | shell=powershell
2026-07-05 14:25:14 | INFO | M01 | cwd=notebooks
2026-07-05 14:25:14 | INFO | M01 | github_actions=False
2026-07-05 14:25:14 | INFO | M01 | Confirming installation:
2026-07-05 14:25:14 | INFO | M01 |   python:       3.14.6
2026-07-05 14:25:14 | INFO | M01 |   pandas:       3.0.3
2026-07-05 14:25:14 | INFO | M01 |   numpy:        2.5.0
2026-07-05 14:25:14 | INFO | M01 |   scikit-learn: 1.9.0
2026-07-05 14:25:14 | INFO | M01 |   seaborn:      0.13.2
2026-07-05 14:25:14 | INFO | M01 |   matplotlib:   3.11.0
2026-07-05 14:25:14 | INFO | M01 | Built-in Seaborn datasets: ['anagrams', 'anscombe', 'attention', 'brain_networks', 'car_crashes', 'diamonds', 'dots', 'dowjones', 'exercise', 'flights', 'fmri', 'geyser', 'glue', 'healthexp', 'iris', 'mpg', 'penguins', 'planets', 'seaice', 'taxis', 'tips', 'titanic']
2026-07-05 14:25:14 | INFO | M01 | Loading dataset: diamonds
2026-07-05 14:25:14 | INFO | M01 | Loaded: 53940 rows (instances), 10 columns
2026-07-05 14:25:14 | INFO | M01 | Instances (rows): 53940
2026-07-05 14:25:14 | INFO | M01 | Columns:          10
2026-07-05 14:25:14 | INFO | M01 | Numeric columns (regression target / numeric feature): ['carat', 'depth', 'table', 'price', 'x', 'y', 'z']
2026-07-05 14:25:14 | INFO | M01 | Categorical columns (classification target / category): ['cut', 'color', 'clarity']
2026-07-05 14:25:14 | INFO | M01 | Missing values by column:
carat      0
cut        0
color      0
clarity    0
depth      0
table      0
price      0
x          0
y          0
z          0
dtype: int64
2026-07-05 14:25:14 | INFO | M01 | Missing values across all columns: 0
2026-07-05 14:25:14 | DEBUG | M01 | First rows:
2026-07-05 14:25:14 | DEBUG | M01 | 
   carat      cut color clarity  depth  table  price     x     y     z
0   0.23    Ideal     E     SI2   61.5   55.0    326  3.95  3.98  2.43
1   0.21  Premium     E     SI1   59.8   61.0    326  3.89  3.84  2.31
2   0.23     Good     E     VS1   56.9   65.0    327  4.05  4.07  2.31
3   0.29  Premium     I     VS2   62.4   58.0    334  4.20  4.23  2.63
4   0.31     Good     J     SI2   63.3   58.0    335  4.34  4.35  2.75
2026-07-05 14:25:14 | INFO | M01 | Chosen target (y): price
2026-07-05 14:25:14 | INFO | M01 | Target is numeric? True
2026-07-05 14:25:14 | INFO | M01 | Implied problem type: regression (we want to predict a number)
2026-07-05 14:25:14 | INFO | M01 | Candidate features (X): ['carat', 'cut', 'color', 'clarity', 'depth', 'table', 'x', 'y', 'z']
2026-07-05 14:25:14 | INFO | M01 | ========================
2026-07-05 14:25:14 | INFO | M01 | SUMMARY OF KEY FACTS
2026-07-05 14:25:14 | INFO | M01 | ========================
2026-07-05 14:25:14 | INFO | M01 | Dataset:           diamonds
2026-07-05 14:25:14 | INFO | M01 | Instances:         53940
2026-07-05 14:25:14 | INFO | M01 | Candidate target:  price
2026-07-05 14:25:14 | INFO | M01 | Problem type:      regression (we want to predict a number)
2026-07-05 14:25:14 | INFO | M01 | Candidate features: ['carat', 'cut', 'color', 'clarity', 'depth', 'table', 'x', 'y', 'z']
2026-07-05 14:25:14 | INFO | M01 | ========================
